2020-08-28 23:54:27 INFO  Automation_Steps 18 - Redfin.com Launched
2020-08-28 23:54:30 INFO  Automation_Steps 25 - city name searchedSunnyvale
2020-08-28 23:54:49 INFO  Automation_Steps 18 - Redfin.com Launched
2020-08-28 23:54:51 INFO  Automation_Steps 25 - city name searchedDallas
2020-08-29 00:02:34 INFO  Automation_Steps 18 - Redfin.com Launched
2020-08-29 00:02:36 INFO  Automation_Steps 25 - city name searchedSunnyvale
2020-08-29 00:02:53 INFO  Automation_Steps 18 - Redfin.com Launched
2020-08-29 00:02:55 INFO  Automation_Steps 25 - city name searchedDallas
2020-08-29 00:08:30 INFO  Automation_Steps 18 - Redfin.com Launched
2020-08-29 00:08:32 INFO  Automation_Steps 25 - city name searched-->Sunnyvale
2020-08-29 00:08:34 INFO  Automation_Steps 32 - Selected City Name--> 
2020-08-29 00:08:51 INFO  Automation_Steps 18 - Redfin.com Launched
2020-08-29 00:08:53 INFO  Automation_Steps 25 - city name searched-->Dallas
2020-08-29 00:08:58 INFO  Automation_Steps 32 - Selected City Name--> 
2020-08-29 00:11:49 INFO  Automation_Steps 18 - Redfin.com Launched
2020-08-29 00:11:52 INFO  Automation_Steps 25 - city name searched-->Sunnyvale
2020-08-29 00:11:54 INFO  Automation_Steps 32 - Selected City Name--> 
2020-08-29 00:12:10 INFO  Automation_Steps 18 - Redfin.com Launched
2020-08-29 00:12:12 INFO  Automation_Steps 25 - city name searched-->Dallas
2020-08-29 00:12:14 INFO  Automation_Steps 32 - Selected City Name--> 
2020-08-29 16:04:25 INFO  Automation_Steps 18 - Redfin.com Launched
2020-08-29 16:04:27 INFO  Automation_Steps 25 - city name searched-->Sunnyvale
2020-08-29 16:04:30 INFO  Automation_Steps 32 - Selected City Name--> 
2020-08-29 16:04:48 INFO  Automation_Steps 18 - Redfin.com Launched
2020-08-29 16:04:51 INFO  Automation_Steps 25 - city name searched-->Dallas
2020-08-29 16:04:53 INFO  Automation_Steps 32 - Selected City Name--> 
2020-08-29 23:29:29 INFO  Automation_Steps 19 - Redfin.com Launched
2020-08-29 23:29:31 INFO  Automation_Steps 26 - city name searched-->Sunnyvale
2020-08-29 23:29:39 INFO  Automation_Steps 33 - Selected City Name--> 
2020-08-29 23:29:57 INFO  Automation_Steps 19 - Redfin.com Launched
2020-08-29 23:30:00 INFO  Automation_Steps 26 - city name searched-->Dallas
2020-08-29 23:30:06 INFO  Automation_Steps 33 - Selected City Name--> 
2020-08-29 23:33:02 INFO  Automation_Steps 19 - Redfin.com Launched
2020-08-29 23:33:05 INFO  Automation_Steps 26 - city name searched-->Sunnyvale
2020-08-29 23:33:08 INFO  Automation_Steps 33 - Selected City Name--> 
2020-08-29 23:33:27 INFO  Automation_Steps 19 - Redfin.com Launched
2020-08-29 23:33:30 INFO  Automation_Steps 26 - city name searched-->Dallas
2020-08-29 23:33:35 INFO  Automation_Steps 33 - Selected City Name--> 
2020-08-31 13:33:51 INFO  Automation_Steps 19 - Redfin.com Launched
2020-08-31 13:33:54 INFO  Automation_Steps 26 - city name searched-->Sunnyvale
2020-08-31 13:33:55 INFO  Automation_Steps 33 - Selected City Name--> 
2020-08-31 13:34:18 INFO  Automation_Steps 19 - Redfin.com Launched
2020-08-31 13:34:21 INFO  Automation_Steps 26 - city name searched-->Dallas
2020-08-31 13:34:24 INFO  Automation_Steps 33 - Selected City Name--> 
2020-08-31 15:18:03 INFO  Automation_Steps 19 - Redfin.com Launched
2020-08-31 15:18:06 INFO  Automation_Steps 26 - city name searched-->Sunnyvale
2020-08-31 15:18:07 INFO  Automation_Steps 33 - Selected City Name--> 
2020-08-31 15:18:27 INFO  Automation_Steps 19 - Redfin.com Launched
2020-08-31 15:18:30 INFO  Automation_Steps 26 - city name searched-->Dallas
2020-08-31 15:18:36 INFO  Automation_Steps 33 - Selected City Name--> 
2020-08-31 17:06:05 INFO  Automation_Steps 19 - Redfin.com Launched
2020-08-31 17:06:07 INFO  Automation_Steps 26 - city name searched-->Sunnyvale
2020-08-31 17:06:10 INFO  Automation_Steps 33 - Selected City Name--> 
2020-08-31 17:06:27 INFO  Automation_Steps 19 - Redfin.com Launched
2020-08-31 17:06:29 INFO  Automation_Steps 26 - city name searched-->Dallas
2020-08-31 17:06:32 INFO  Automation_Steps 33 - Selected City Name--> 
2020-08-31 17:18:07 INFO  Automation_Steps 19 - Redfin.com Launched
2020-08-31 17:18:10 INFO  Automation_Steps 26 - city name searched-->Sunnyvale
2020-08-31 17:18:18 INFO  Automation_Steps 33 - Selected City Name--> 
2020-08-31 17:18:40 INFO  Automation_Steps 19 - Redfin.com Launched
2020-08-31 17:18:43 INFO  Automation_Steps 26 - city name searched-->Dallas
2020-08-31 17:18:45 INFO  Automation_Steps 33 - Selected City Name--> 
2020-08-31 17:41:44 INFO  Automation_Steps 19 - Redfin.com Launched
2020-08-31 17:41:47 INFO  Automation_Steps 26 - city name searched-->Sunnyvale
2020-08-31 17:41:52 INFO  Automation_Steps 33 - Selected City Name--> 
2020-08-31 17:42:50 INFO  Automation_Steps 19 - Redfin.com Launched
2020-08-31 17:42:53 INFO  Automation_Steps 26 - city name searched-->Dallas
2020-08-31 17:42:56 INFO  Automation_Steps 33 - Selected City Name--> 
2020-08-31 17:56:28 INFO  Automation_Steps 19 - Redfin.com Launched
2020-08-31 17:56:57 INFO  Automation_Steps 19 - Redfin.com Launched
2020-08-31 17:56:59 INFO  Automation_Steps 26 - city name searched-->Dallas
2020-08-31 17:57:02 INFO  Automation_Steps 33 - Selected City Name--> 
2020-08-31 18:06:30 INFO  Automation_Steps 19 - Redfin.com Launched
2020-08-31 18:06:33 INFO  Automation_Steps 26 - city name searched-->Sunnyvale
2020-08-31 18:06:34 INFO  Automation_Steps 33 - Selected City Name--> 
2020-08-31 18:07:03 INFO  Automation_Steps 19 - Redfin.com Launched
2020-08-31 18:07:05 INFO  Automation_Steps 26 - city name searched-->Dallas
2020-08-31 18:07:12 INFO  Automation_Steps 33 - Selected City Name--> 
2020-08-31 18:16:48 INFO  Automation_Steps 19 - Redfin.com Launched
2020-08-31 18:16:51 INFO  Automation_Steps 26 - city name searched-->Sunnyvale
2020-08-31 18:16:54 INFO  Automation_Steps 33 - Selected City Name--> 
2020-08-31 18:17:13 INFO  Automation_Steps 19 - Redfin.com Launched
2020-08-31 18:17:16 INFO  Automation_Steps 26 - city name searched-->Dallas
2020-08-31 18:17:22 INFO  Automation_Steps 33 - Selected City Name--> 
2020-08-31 18:18:10 INFO  Automation_Steps 19 - Redfin.com Launched
2020-08-31 18:18:12 INFO  Automation_Steps 26 - city name searched-->Sunnyvale
2020-08-31 18:18:18 INFO  Automation_Steps 33 - Selected City Name--> 
2020-08-31 18:18:39 INFO  Automation_Steps 19 - Redfin.com Launched
2020-08-31 18:18:41 INFO  Automation_Steps 26 - city name searched-->Dallas
2020-08-31 18:18:43 INFO  Automation_Steps 33 - Selected City Name--> 
2020-08-31 21:46:59 INFO  Automation_Steps 19 - Redfin.com Launched
2020-08-31 21:47:01 INFO  Automation_Steps 26 - city name searched-->Sunnyvale
2020-08-31 21:47:03 INFO  Automation_Steps 33 - Selected City Name--> 
2020-08-31 21:47:25 INFO  Automation_Steps 19 - Redfin.com Launched
2020-08-31 21:47:27 INFO  Automation_Steps 26 - city name searched-->Dallas
2020-08-31 21:47:29 INFO  Automation_Steps 33 - Selected City Name--> 
2020-08-31 22:00:06 INFO  Automation_Steps 19 - Redfin.com Launched
2020-08-31 22:01:27 INFO  Automation_Steps 26 - city name searched-->Sunnyvale
2020-08-31 22:01:42 INFO  Automation_Steps 33 - Selected City Name--> 
2020-08-31 22:02:15 INFO  Automation_Steps 19 - Redfin.com Launched
2020-08-31 22:02:39 INFO  Automation_Steps 26 - city name searched-->Dallas
2020-08-31 22:02:42 INFO  Automation_Steps 33 - Selected City Name--> 
2020-08-31 22:05:37 INFO  Automation_Steps 19 - Redfin.com Launched
2020-08-31 22:05:54 INFO  Automation_Steps 26 - city name searched-->Sunnyvale
2020-08-31 22:05:56 INFO  Automation_Steps 33 - Selected City Name--> 
2020-08-31 22:06:14 INFO  Automation_Steps 19 - Redfin.com Launched
2020-08-31 22:08:49 INFO  Automation_Steps 19 - Redfin.com Launched
2020-08-31 22:08:51 INFO  Automation_Steps 26 - city name searched-->Sunnyvale
2020-08-31 22:09:07 INFO  Automation_Steps 33 - Selected City Name--> 
2020-08-31 22:09:27 INFO  Automation_Steps 19 - Redfin.com Launched
2020-08-31 22:09:30 INFO  Automation_Steps 26 - city name searched-->Dallas
2020-08-31 22:09:35 INFO  Automation_Steps 33 - Selected City Name--> 
2020-08-31 22:12:16 INFO  Automation_Steps 19 - Redfin.com Launched
2020-08-31 22:12:35 INFO  Automation_Steps 26 - city name searched-->Sunnyvale
2020-08-31 22:12:38 INFO  Automation_Steps 33 - Selected City Name--> 
2020-08-31 22:13:36 INFO  Automation_Steps 19 - Redfin.com Launched
2020-08-31 22:14:01 INFO  Automation_Steps 26 - city name searched-->Dallas
2020-08-31 22:14:03 INFO  Automation_Steps 33 - Selected City Name--> 
2020-08-31 22:21:33 INFO  Automation_Steps 19 - Redfin.com Launched
2020-08-31 22:21:36 INFO  Automation_Steps 26 - city name searched-->Sunnyvale
2020-08-31 22:21:39 INFO  Automation_Steps 33 - Selected City Name--> 
2020-08-31 22:22:00 INFO  Automation_Steps 19 - Redfin.com Launched
2020-08-31 22:22:03 INFO  Automation_Steps 26 - city name searched-->Dallas
2020-08-31 22:22:09 INFO  Automation_Steps 33 - Selected City Name--> 
2020-08-31 22:59:27 INFO  Automation_Steps 19 - Redfin.com Launched
2020-08-31 22:59:30 INFO  Automation_Steps 26 - city name searched-->Sunnyvale
2020-08-31 22:59:32 INFO  Automation_Steps 33 - Selected City Name--> 
2020-08-31 22:59:52 INFO  Automation_Steps 19 - Redfin.com Launched
2020-08-31 22:59:55 INFO  Automation_Steps 26 - city name searched-->Dallas
2020-08-31 23:00:02 INFO  Automation_Steps 33 - Selected City Name--> 
2020-08-31 23:02:56 INFO  Automation_Steps 19 - Redfin.com Launched
2020-08-31 23:02:58 INFO  Automation_Steps 26 - city name searched-->Sunnyvale
2020-08-31 23:03:00 INFO  Automation_Steps 33 - Selected City Name--> 
2020-08-31 23:03:25 INFO  Automation_Steps 19 - Redfin.com Launched
2020-08-31 23:03:27 INFO  Automation_Steps 26 - city name searched-->Dallas
2020-08-31 23:03:30 INFO  Automation_Steps 33 - Selected City Name--> 
